---------------------------------------------
[09.09. - 16:49:15] Starting Log: logs/eqc_debug_zone_9380.log

[09.09. - 16:49:15] [  DB  ] Using database 'eqclassic' at '127.0.0.1'
[09.09. - 16:49:15] [SharedMem] Loading Shared Memory Core...
[09.09. - 16:49:15] [Common] Done.

[09.09. - 16:49:15] [Spell] Loading SP DAT...

[09.09. - 16:49:15] [Spell] Spells loaded from 'spdat.eff'

[09.09. - 16:49:15] [ Zone ] Loading guild and guild ranks...

[09.09. - 16:49:15] [ Zone ] Loading faction data...

[09.09. - 16:49:15] [ Zone ] Loading faction lists...

[09.09. - 16:49:15] [ Zone ] Loading Corpse decay Timers...

[09.09. - 16:49:15] [World ] Connected to worldserver: 68.231.69.235:9000

[09.09. - 16:49:15] [ Zone ] Entering sleep mode.

[09.09. - 17:09:19] [ Zone ] Shutdown Delay set to 300 seconds

[09.09. - 17:09:19] [ Zone ] Loading roam boxes...

[09.09. - 17:09:19] [  DB  ] LOADING ZONE LINES FROM qeytoqrg
[09.09. - 17:09:19] [  DB  ] Zoning range set to 5
[09.09. - 17:09:19] [  DB  ] Adding zone line x:0.000000 y:-400.000000 z:0.000000 to:qeynos2 heading:132
[09.09. - 17:09:19] [  DB  ] Zoning range set to 30
[09.09. - 17:09:19] [  DB  ] Adding zone line x:-2356.280029 y:1312.680054 z:-1.220000 to:qey2hh1 heading:162
[09.09. - 17:09:19] [  DB  ] Zoning range set to 15
[09.09. - 17:09:19] [  DB  ] Adding zone line x:-1156.050049 y:3389.010010 z:3.250000 to:blackburrow heading:20
[09.09. - 17:09:19] [  DB  ] Zoning range set to 20
[09.09. - 17:09:19] [  DB  ] Adding zone line x:114.220001 y:5181.430176 z:-3.470000 to:qrg heading:229
[09.09. - 17:09:19] [ Zone ] Loading objects...

[09.09. - 17:09:19] [ Zone ] Zone server 'qeytoqrg' now listening on port 1003

[09.09. - 17:09:19] [ Zone ] Loading NPC's for 'qeytoqrg'...

[09.09. - 17:09:19] [Quests] NPC doesnt have a quest file.
[09.09. - 17:09:19] [Client] New client from 68.231.69.235:50443

[09.09. - 17:09:20] [Client] Login packet 1

[09.09. - 17:09:20] [Client] Starting Debugging System for No name...

[09.09. - 17:09:20] [Client] Login packet 2

[09.09. - 17:09:20] [Client] Loaded playerprofile for Nature

[09.09. - 17:09:23] [Client] ready for part 3 of Process_ClientConnection. Waiting for opcode 0x5d20

[09.09. - 17:09:23] [Client] Login packet 3

[09.09. - 17:09:24] [Client] Zhdr request (Login 4)

[09.09. - 17:09:24] [ Zone ] Sending doors one at a time.

[09.09. - 17:09:24] [ Zone ] Sending objects one at a time.

[09.09. - 17:09:24] [Client] Enterzone complete (Login 5)

[09.09. - 17:09:26] [Client] Got a player save request (OP_Save)

[09.09. - 17:10:11] [Client] Client disconnected (!pm.CA): Nature

[09.09. - 17:10:11] [Client] Client disconnected (!pm.CA): Nature

[09.09. - 17:10:11] [Client] Client disconnected : Nature

[09.09. - 17:10:11] [Client] Dropping client from ip 68.231.69.235:50443

[09.09. - 17:12:49] [Client] New client from 68.231.69.235:58619

[09.09. - 17:12:50] [Client] Login packet 1

[09.09. - 17:12:50] [Client] Starting Debugging System for No name...

[09.09. - 17:12:50] [Client] Login packet 2

[09.09. - 17:12:50] [Client] Loaded playerprofile for Nature

[09.09. - 17:12:53] [Client] ready for part 3 of Process_ClientConnection. Waiting for opcode 0x5d20

[09.09. - 17:12:53] [Client] Login packet 3

[09.09. - 17:12:53] [Client] Zhdr request (Login 4)

[09.09. - 17:12:53] [ Zone ] Sending doors one at a time.

[09.09. - 17:12:53] [ Zone ] Sending objects one at a time.

[09.09. - 17:12:53] [Client] Enterzone complete (Login 5)

[09.09. - 17:12:56] [Client] Got a player save request (OP_Save)

[09.09. - 17:13:05] [Quests] Quest File 'quests/qeytoqrg/a_decaying_skeleton.pl' exists: 0
[09.09. - 17:13:05] [Quests] NPC doesnt have a quest file.
[09.09. - 17:13:47] [Client] Client::TeleportPC(zone name = qrg, x = 177.149994, y = -539.280029, z = 2.130000, heading = 229.000000)
[09.09. - 17:13:47] [Client] Client::ProcessOP_ZoneChange(Zoning with soft coded values zone name = qrg, x = 177.000000, y = -539.000000, z = 2.000000, heading = 0.000000)
[09.09. - 17:13:49] [Client] Received Player Save (5521)
[09.09. - 17:13:49] [Client] Saving Drunkess Value 0
[09.09. - 17:13:49] [Client] Client disconnected (!pm.CA): Nature

[09.09. - 17:13:49] [Client] Client disconnected (!pm.CA): Nature

[09.09. - 17:13:49] [Client] Client disconnected : Nature

[09.09. - 17:13:49] [Client] Dropping client from ip 68.231.69.235:58619

[09.09. - 17:14:19] [ Zone ] Automatic shutdown

[09.09. - 17:14:19] [ Zone ] ----SERVER SHUTDOWN----

[09.09. - 17:14:19] [ Zone ] Zone shutdown, going to sleep! ZzzZzz

[09.09. - 17:20:54] [ Zone ] Shutdown Delay set to 300 seconds

[09.09. - 17:20:54] [ Zone ] Loading roam boxes...

[09.09. - 17:20:54] [  DB  ] LOADING ZONE LINES FROM qeytoqrg
[09.09. - 17:20:54] [  DB  ] Zoning range set to 5
[09.09. - 17:20:54] [  DB  ] Adding zone line x:0.000000 y:-400.000000 z:0.000000 to:qeynos2 heading:132
[09.09. - 17:20:54] [  DB  ] Zoning range set to 30
[09.09. - 17:20:54] [  DB  ] Adding zone line x:-2356.280029 y:1312.680054 z:-1.220000 to:qey2hh1 heading:162
[09.09. - 17:20:54] [  DB  ] Zoning range set to 15
[09.09. - 17:20:54] [  DB  ] Adding zone line x:-1156.050049 y:3389.010010 z:3.250000 to:blackburrow heading:20
[09.09. - 17:20:54] [  DB  ] Zoning range set to 20
[09.09. - 17:20:54] [  DB  ] Adding zone line x:114.220001 y:5181.430176 z:-3.470000 to:qrg heading:229
[09.09. - 17:20:54] [ Zone ] Loading objects...

[09.09. - 17:20:54] [ Zone ] Zone server 'qeytoqrg' now listening on port 1003

[09.09. - 17:20:54] [ Zone ] Loading NPC's for 'qeytoqrg'...

[09.09. - 17:20:54] [Quests] NPC doesnt have a quest file.
[09.09. - 17:20:55] [Client] New client from 68.231.69.235:61563

[09.09. - 17:20:55] [Client] Login packet 1

[09.09. - 17:20:55] [Client] Starting Debugging System for No name...

[09.09. - 17:20:55] [Client] Login packet 2

[09.09. - 17:20:55] [Client] Loaded playerprofile for Nature

[09.09. - 17:20:57] [Client] ready for part 3 of Process_ClientConnection. Waiting for opcode 0x5d20

[09.09. - 17:20:57] [Client] Login packet 3

[09.09. - 17:20:57] [Client] Zhdr request (Login 4)

[09.09. - 17:20:57] [ Zone ] Sending doors one at a time.

[09.09. - 17:20:57] [ Zone ] Sending objects one at a time.

[09.09. - 17:20:57] [Client] Enterzone complete (Login 5)

[09.09. - 17:20:59] [Client] Got a player save request (OP_Save)

[09.09. - 17:21:58] [Client] Client disconnected (!pm.CA): Nature

[09.09. - 17:21:58] [Client] Client disconnected (!pm.CA): Nature

[09.09. - 17:21:58] [Client] Client disconnected : Nature

[09.09. - 17:21:58] [Client] Dropping client from ip 68.231.69.235:61563

[09.09. - 17:25:54] [ Zone ] Automatic shutdown

[09.09. - 17:25:54] [ Zone ] ----SERVER SHUTDOWN----

[09.09. - 17:25:54] [ Zone ] Zone shutdown, going to sleep! ZzzZzz

