---------------------------------------------
[09.09. - 16:52:42] Starting Log: logs/eqc_zone_7364.log

[09.09. - 16:52:42] Successfully loaded Zone Config.
[09.09. - 16:52:43] [ Zone ] Loading embedded perl
[09.09. - 16:52:43] [ Zone ] Loading quests...
[09.09. - 16:52:43] [Quests] Loading perlemb plugins.
---------------------------------------------
[09.09. - 16:52:43] Starting Log: logs/eqc_zone_7364.log

[09.09. - 16:52:43] [Quests] Loading perl commands...
[09.09. - 16:52:43] [Quests] Perl commands loaded....
[09.09. - 16:52:43] [ Zone ] 44 commands loaded
[09.09. - 16:58:48] Successfully loaded Zone Config.
[09.09. - 16:58:48] [ Zone ] Loading embedded perl
[09.09. - 16:58:48] [ Zone ] Loading quests...
[09.09. - 16:58:48] [Quests] Loading perlemb plugins.
[09.09. - 16:58:48] [Quests] Loading perl commands...
[09.09. - 16:58:48] [Quests] Perl commands loaded....
[09.09. - 17:13:51] Successfully loaded Zone Config.
[09.09. - 17:13:51] [ Zone ] Loading embedded perl
[09.09. - 17:13:51] [ Zone ] Loading quests...
[09.09. - 17:13:51] [Quests] Loading perlemb plugins.
[09.09. - 17:13:51] [Quests] Loading perl commands...
[09.09. - 17:13:51] [Quests] Perl commands loaded....
[09.09. - 17:13:51] [ Zone ] 44 commands loaded
