---------------------------------------------
[09.09. - 04:59:20] Starting Log: logs/eqc_debug_world_7240.log

[09.09. - 04:59:20] [World ] EQC Alpha Server - World Version : 6044224

[09.09. - 04:59:20] [SharedMem] Loading Shared Memory Core...
[09.09. - 04:59:21] [World ] Loading guild ranks...
[09.09. - 04:59:21] [  DB  ] Using database 'eqclassic' at '127.0.0.1'
[09.09. - 04:59:21] [Common] Done.

[09.09. - 04:59:21] [World ] Loading boats data...
[09.09. - 04:59:21] [Common] Done.

[09.09. - 04:59:21] [World ] Starting world network...
[09.09. - 04:59:21] [Common] Done.

[09.09. - 04:59:21] [World ] Truncating active_accounts table...
[09.09. - 04:59:21] [Common] Done.

[09.09. - 04:59:21] [World ] World server listening on Address : 'login.nostalgiaeq.com' and port : 9000

[09.09. - 04:59:53] [Client] New client from 68.231.69.235:59339

[09.09. - 05:00:08] [World ] Validating char creation info for 'Assdfasd'...

[09.09. - 05:00:08] [Common] SUCCESS
[09.09. - 05:01:47] [Client] New client from 68.231.69.235:65296

[09.09. - 05:01:48] [World ] Validating char creation info for 'Assdfasd'...

[09.09. - 05:01:48] [Common] SUCCESS
[09.09. - 05:03:08] [Client] New client from 68.231.69.235:61771

[09.09. - 05:03:10] [World ] Validating char creation info for 'Assdfasd'...

[09.09. - 05:03:10] [Common] SUCCESS
[09.09. - 05:04:09] [Client] New client from 68.231.69.235:58864

