---------------------------------------------
[09.09. - 05:12:26] Starting Log: logs/eqc_debug_zone_2952.log

[09.09. - 05:12:26] [  DB  ] Using database 'eqclassic' at '127.0.0.1'
[09.09. - 05:12:26] [SharedMem] Loading Shared Memory Core...
[09.09. - 05:12:26] [Common] Done.

[09.09. - 05:12:26] [Spell] Loading SP DAT...

[09.09. - 05:12:26] [Spell] Spells loaded from 'spdat.eff'

[09.09. - 05:12:26] [ Zone ] Loading guild and guild ranks...

[09.09. - 05:12:26] [ Zone ] Loading faction data...

[09.09. - 05:12:26] [ Zone ] Loading faction lists...

[09.09. - 05:12:26] [ Zone ] Loading Corpse decay Timers...

[09.09. - 05:12:27] [World ] Connected to worldserver: 68.231.69.235:9000

[09.09. - 05:12:27] [ Zone ] Entering sleep mode.

[09.09. - 05:13:37] [ Zone ] Shutdown Delay set to 300 seconds

[09.09. - 05:13:37] [ Zone ] Loading roam boxes...

[09.09. - 05:13:37] [  DB  ] LOADING ZONE LINES FROM arena
[09.09. - 05:13:37] [  DB  ] Zoning range set to 20
[09.09. - 05:13:37] [  DB  ] Adding zone line x:-870.659973 y:-29.379999 z:10.410000 to:lakerathe heading:191
[09.09. - 05:13:37] [ Zone ] Loading objects...

[09.09. - 05:13:37] [ Zone ] Zone server 'arena' now listening on port 1004

[09.09. - 05:13:37] [ Zone ] Loading NPC's for 'arena'...

[09.09. - 05:13:37] [Quests] NPC doesnt have a quest file.
[09.09. - 05:13:37] [Client] New client from 68.231.69.235:49350

[09.09. - 05:13:37] [Client] Login packet 1

[09.09. - 05:13:37] [Client] Starting Debugging System for No name...

[09.09. - 05:13:38] [Client] Login packet 2

[09.09. - 05:13:38] [Client] Loaded playerprofile for Aaldyienie

[09.09. - 05:13:53] [Client] Client disconnected (!pm.CA): ˜ï¿½Aaldyienie

[09.09. - 05:13:53] [Client] Client disconnected : ˜ï¿½Aaldyienie

[09.09. - 05:13:53] [Client] Client disconnected (!pm.CA): ˜ï¿½Aaldyienie

[09.09. - 05:13:53] [Client] Dropping client from ip 68.231.69.235:49350

[09.09. - 05:18:37] [ Zone ] Automatic shutdown

[09.09. - 05:18:37] [ Zone ] ----SERVER SHUTDOWN----

[09.09. - 05:18:37] [ Zone ] Zone shutdown, going to sleep! ZzzZzz

