---------------------------------------------
[09.09. - 10:31:56] Starting Log: logs/eqc_debug_zone_3728.log

[09.09. - 10:31:56] [  DB  ] Using database 'eqclassic' at '127.0.0.1'
[09.09. - 10:31:56] [SharedMem] Loading Shared Memory Core...
[09.09. - 10:31:56] [Common] Done.

[09.09. - 10:31:56] [Spell] Loading SP DAT...

[09.09. - 10:31:56] [Spell] Spells loaded from 'spdat.eff'

[09.09. - 10:31:56] [ Zone ] Loading guild and guild ranks...

[09.09. - 10:31:56] [ Zone ] Loading faction data...

[09.09. - 10:31:56] [ Zone ] Loading faction lists...

[09.09. - 10:31:56] [ Zone ] Loading Corpse decay Timers...

[09.09. - 10:31:56] [World ] Connected to worldserver: 68.231.69.235:9000

[09.09. - 10:31:56] [ Zone ] Entering sleep mode.

[09.09. - 10:36:48] [ Zone ] Shutdown Delay set to 300 seconds

[09.09. - 10:36:48] [ Zone ] Loading roam boxes...

[09.09. - 10:36:48] [  DB  ] LOADING ZONE LINES FROM qeytoqrg
[09.09. - 10:36:48] [  DB  ] Zoning range set to 5
[09.09. - 10:36:48] [  DB  ] Adding zone line x:0.000000 y:-400.000000 z:0.000000 to:qeynos2 heading:132
[09.09. - 10:36:48] [  DB  ] Zoning range set to 30
[09.09. - 10:36:48] [  DB  ] Adding zone line x:-2356.280029 y:1312.680054 z:-1.220000 to:qey2hh1 heading:162
[09.09. - 10:36:48] [  DB  ] Zoning range set to 15
[09.09. - 10:36:48] [  DB  ] Adding zone line x:-1156.050049 y:3389.010010 z:3.250000 to:blackburrow heading:20
[09.09. - 10:36:48] [  DB  ] Zoning range set to 20
[09.09. - 10:36:48] [  DB  ] Adding zone line x:114.220001 y:5181.430176 z:-3.470000 to:qrg heading:229
[09.09. - 10:36:48] [ Zone ] Loading objects...

[09.09. - 10:36:48] [ Zone ] Zone server 'qeytoqrg' now listening on port 1004

[09.09. - 10:36:48] [ Zone ] Loading NPC's for 'qeytoqrg'...

[09.09. - 10:36:48] [Quests] NPC doesnt have a quest file.
[09.09. - 10:36:49] [Client] New client from 68.231.69.235:54419

[09.09. - 10:36:49] [Client] Login packet 1

[09.09. - 10:36:49] [Client] Starting Debugging System for No name...

[09.09. - 10:36:49] [Client] Login packet 2

[09.09. - 10:36:49] [Client] Loaded playerprofile for Nature

[09.09. - 10:36:52] [Client] ready for part 3 of Process_ClientConnection. Waiting for opcode 0x5d20

[09.09. - 10:36:52] [Client] Login packet 3

[09.09. - 10:36:52] [Client] Zhdr request (Login 4)

[09.09. - 10:36:52] [ Zone ] Sending doors one at a time.

[09.09. - 10:36:53] [ Zone ] Sending objects one at a time.

[09.09. - 10:36:53] [Client] Enterzone complete (Login 5)

[09.09. - 10:36:55] [Client] Got a player save request (OP_Save)

[09.09. - 10:37:39] [Client] Client::TeleportPC(zone name = gfaydark, x = 0.000000, y = 0.000000, z = 0.000000, heading = 0.000000)
[09.09. - 10:37:39] [Client] Client::ProcessOP_ZoneChange(Zoning with soft coded values zone name = gfaydark, x = 0.000000, y = 0.000000, z = 0.000000, heading = 0.000000)
[09.09. - 10:37:41] [Client] Received Player Save (5521)
[09.09. - 10:37:41] [Client] Saving Drunkess Value 0
[09.09. - 10:37:41] [Client] Client disconnected (!pm.CA): Nature

[09.09. - 10:37:41] [Client] Client disconnected : Nature

[09.09. - 10:37:41] [Client] Client disconnected (!pm.CA): Nature

[09.09. - 10:37:41] [Client] Dropping client from ip 68.231.69.235:54419

[09.09. - 10:41:48] [ Zone ] Automatic shutdown

[09.09. - 10:41:48] [ Zone ] ----SERVER SHUTDOWN----

[09.09. - 10:41:48] [ Zone ] Zone shutdown, going to sleep! ZzzZzz

