---------------------------------------------
[09.09. - 10:31:55] Starting Log: logs/eqc_debug_zone_2936.log

[09.09. - 10:31:56] [  DB  ] Using database 'eqclassic' at '127.0.0.1'
[09.09. - 10:31:56] [SharedMem] Loading Shared Memory Core...
[09.09. - 10:31:56] [Common] Done.

[09.09. - 10:31:56] [Spell] Loading SP DAT...

[09.09. - 10:31:56] [Spell] Spells loaded from 'spdat.eff'

[09.09. - 10:31:56] [ Zone ] Loading guild and guild ranks...

[09.09. - 10:31:56] [ Zone ] Loading faction data...

[09.09. - 10:31:56] [ Zone ] Loading faction lists...

[09.09. - 10:31:56] [ Zone ] Loading Corpse decay Timers...

[09.09. - 10:31:56] [World ] Connected to worldserver: 68.231.69.235:9000

[09.09. - 10:31:56] [ Zone ] Entering sleep mode.

[09.09. - 10:37:43] [ Zone ] Shutdown Delay set to 1800 seconds

[09.09. - 10:37:43] [ Zone ] Loading roam boxes...

[09.09. - 10:37:43] [  DB  ] LOADING ZONE LINES FROM gfaydark
[09.09. - 10:37:43] [  DB  ] Zoning range set to 35
[09.09. - 10:37:43] [  DB  ] Adding zone line x:-2630.000000 y:-1928.000000 z:23.000000 to:felwithea heading:128
[09.09. - 10:37:43] [  DB  ] Zoning range set to 35
[09.09. - 10:37:43] [  DB  ] Adding zone line x:-1091.270020 y:-2659.459961 z:3.130000 to:lfaydark heading:0
[09.09. - 10:37:43] [  DB  ] Zoning range set to 35
[09.09. - 10:37:43] [  DB  ] Adding zone line x:2652.000000 y:-1640.000000 z:3.130000 to:butcher heading:0
[09.09. - 10:37:43] [  DB  ] Zoning range set to 35
[09.09. - 10:37:43] [  DB  ] Adding zone line x:-56.000000 y:2634.000000 z:18.969999 to:crushbone heading:3
[09.09. - 10:37:43] [ Zone ] Loading objects...

[09.09. - 10:37:43] [ Zone ] Zone server 'gfaydark' now listening on port 1003

[09.09. - 10:37:43] [ Zone ] Loading NPC's for 'gfaydark'...

[09.09. - 10:37:43] [Quests] NPC doesnt have a quest file.
[09.09. - 10:37:44] [Client] New client from 68.231.69.235:54596

[09.09. - 10:37:46] [Client] Login packet 1

[09.09. - 10:37:46] [Client] Starting Debugging System for No name...

[09.09. - 10:37:46] [Client] Login packet 2

[09.09. - 10:37:46] [Client] Loaded playerprofile for Nature

[09.09. - 10:37:54] [Client] ready for part 3 of Process_ClientConnection. Waiting for opcode 0x5d20

[09.09. - 10:37:54] [Client] Login packet 3

[09.09. - 10:37:54] [Client] Zhdr request (Login 4)

[09.09. - 10:37:54] [ Zone ] Sending doors one at a time.

[09.09. - 10:37:55] [ Zone ] Sending objects one at a time.

[09.09. - 10:37:55] [Client] Enterzone complete (Login 5)

[09.09. - 10:37:57] [Client] Got a player save request (OP_Save)

[09.09. - 10:39:04] [Client] Got a player save request (OP_Save)

[09.09. - 10:39:28] [Client] Got a player save request (OP_Save)

[09.09. - 10:39:41] [Client] Client::TeleportPC(zone name = freportw, x = 0.000000, y = 0.000000, z = 0.000000, heading = 0.000000)
[09.09. - 10:39:41] [Client] Client::ProcessOP_ZoneChange(Zoning with soft coded values zone name = freportw, x = 0.000000, y = 0.000000, z = 0.000000, heading = 0.000000)
[09.09. - 10:39:43] [Client] Received Player Save (5521)
[09.09. - 10:39:43] [Client] Saving Drunkess Value 0
[09.09. - 10:39:44] [Client] Client disconnected (!pm.CA): Nature

[09.09. - 10:39:44] [Client] Client disconnected : Nature

[09.09. - 10:39:44] [Client] Dropping client from ip 68.231.69.235:54596

[09.09. - 11:07:43] [ Zone ] Automatic shutdown

[09.09. - 11:07:43] [ Zone ] ----SERVER SHUTDOWN----

[09.09. - 11:07:43] [ Zone ] Zone shutdown, going to sleep! ZzzZzz

