---------------------------------------------
[09.09. - 10:31:55] Starting Log: logs/eqc_debug_zone_6740.log

[09.09. - 10:31:56] [  DB  ] Using database 'eqclassic' at '127.0.0.1'
[09.09. - 10:31:56] [SharedMem] Loading Shared Memory Core...
[09.09. - 10:31:56] [Common] Done.

[09.09. - 10:31:56] [Spell] Loading SP DAT...

[09.09. - 10:31:56] [Spell] Spells loaded from 'spdat.eff'

[09.09. - 10:31:56] [ Zone ] Loading guild and guild ranks...

[09.09. - 10:31:56] [ Zone ] Loading faction data...

[09.09. - 10:31:56] [ Zone ] Loading faction lists...

[09.09. - 10:31:56] [ Zone ] Loading Corpse decay Timers...

[09.09. - 10:31:56] [World ] Connected to worldserver: 68.231.69.235:9000

[09.09. - 10:31:56] [ Zone ] Entering sleep mode.

[09.09. - 10:39:45] [ Zone ] Shutdown Delay set to 300 seconds

[09.09. - 10:39:45] [ Zone ] Loading roam boxes...

[09.09. - 10:39:46] [  DB  ] LOADING ZONE LINES FROM freportw
[09.09. - 10:39:46] [  DB  ] Zoning range set to 30
[09.09. - 10:39:46] [  DB  ] Adding zone line x:-716.000000 y:149.000000 z:-11.000000 to:freportw heading:0
[09.09. - 10:39:46] [  DB  ] Zoning range set to 30
[09.09. - 10:39:46] [  DB  ] Adding zone line x:-652.000000 y:96.000000 z:-39.000000 to:freportw heading:0
[09.09. - 10:39:46] [  DB  ] Zoning range set to 15
[09.09. - 10:39:46] [  DB  ] Adding zone line x:-98.720001 y:282.910004 z:-10.870000 to:freportn heading:0
[09.09. - 10:39:46] [  DB  ] Zoning range set to 15
[09.09. - 10:39:46] [  DB  ] Adding zone line x:-658.030029 y:324.630005 z:-24.870001 to:freportn heading:13
[09.09. - 10:39:46] [  DB  ] Zoning range set to 30
[09.09. - 10:39:46] [  DB  ] Adding zone line x:-927.039978 y:-86.099998 z:-24.870001 to:freporte heading:129
[09.09. - 10:39:46] [  DB  ] Zoning range set to 30
[09.09. - 10:39:46] [  DB  ] Adding zone line x:-623.700012 y:-420.869995 z:-24.870001 to:freporte heading:66
[09.09. - 10:39:46] [  DB  ] Zoning range set to 580
[09.09. - 10:39:46] [  DB  ] Adding zone line x:750.000000 y:0.000000 z:-24.870001 to:ecommons heading:66
[09.09. - 10:39:46] [  DB  ] Zoning range set to 30
[09.09. - 10:39:46] [  DB  ] Adding zone line x:-272.000000 y:1585.000000 z:2.000000 to:freportn heading:0
[09.09. - 10:39:46] [  DB  ] Zoning range set to 30
[09.09. - 10:39:46] [  DB  ] Adding zone line x:-586.000000 y:719.000000 z:-20.000000 to:freportn heading:0
[09.09. - 10:39:46] [  DB  ] Zoning range set to 30
[09.09. - 10:39:46] [  DB  ] Adding zone line x:-1632.000000 y:-740.000000 z:-94.000000 to:freporte heading:0
[09.09. - 10:39:46] [ Zone ] Loading objects...

[09.09. - 10:39:46] [ Zone ] Zone server 'freportw' now listening on port 1001

[09.09. - 10:39:46] [ Zone ] Loading NPC's for 'freportw'...

[09.09. - 10:39:46] [Quests] NPC doesnt have a quest file.
[09.09. - 10:39:46] [Client] New client from 68.231.69.235:62702

[09.09. - 10:39:48] [Client] Login packet 1

[09.09. - 10:39:48] [Client] Starting Debugging System for No name...

[09.09. - 10:39:48] [Client] Login packet 2

[09.09. - 10:39:48] [Client] Loaded playerprofile for Nature

[09.09. - 10:39:56] [Client] ready for part 3 of Process_ClientConnection. Waiting for opcode 0x5d20

[09.09. - 10:39:56] [Client] Login packet 3

[09.09. - 10:39:56] [Client] Zhdr request (Login 4)

[09.09. - 10:39:56] [ Zone ] Sending doors one at a time.

[09.09. - 10:39:57] [ Zone ] Sending objects one at a time.

[09.09. - 10:39:57] [Client] Enterzone complete (Login 5)

[09.09. - 10:39:59] [Client] Got a player save request (OP_Save)

[09.09. - 10:40:11] [Client] Got a player save request (OP_Save)

[09.09. - 10:40:25] [Quests] Quest File 'quests/freportw/a_rodent.pl' exists: 0
[09.09. - 10:40:25] [Quests] NPC doesnt have a quest file.
[09.09. - 10:41:42] [Client] Got a player save request (OP_Save)

[09.09. - 10:42:56] [Client] Client disconnected (!pm.CA): Nature

[09.09. - 10:42:56] [Client] Client disconnected : Nature

[09.09. - 10:42:56] [Client] Dropping client from ip 68.231.69.235:62702

[09.09. - 10:42:56] [Client] Client disconnected (!pm.CA): Nature

[09.09. - 10:42:58] [Client] New client from 68.231.69.235:52617

[09.09. - 10:42:58] [Client] Login packet 1

[09.09. - 10:42:58] [Client] Starting Debugging System for No name...

[09.09. - 10:42:58] [Client] Login packet 2

[09.09. - 10:42:58] [Client] Loaded playerprofile for Nature

[09.09. - 10:43:05] [Client] ready for part 3 of Process_ClientConnection. Waiting for opcode 0x5d20

[09.09. - 10:43:05] [Client] Login packet 3

[09.09. - 10:43:05] [Client] Zhdr request (Login 4)

[09.09. - 10:43:05] [ Zone ] Sending doors one at a time.

[09.09. - 10:43:06] [ Zone ] Sending objects one at a time.

[09.09. - 10:43:06] [Client] Enterzone complete (Login 5)

[09.09. - 10:43:08] [Client] Got a player save request (OP_Save)

[09.09. - 10:43:45] [Client] Client disconnected (!pm.CA): Nature

[09.09. - 10:43:45] [Client] Client disconnected : Nature

[09.09. - 10:43:45] [Client] Client disconnected (!pm.CA): Nature

[09.09. - 10:43:45] [Client] Dropping client from ip 68.231.69.235:52617

[09.09. - 10:44:45] [ Zone ] Automatic shutdown

[09.09. - 10:44:45] [ Zone ] ----SERVER SHUTDOWN----

[09.09. - 10:44:45] [ Zone ] Zone shutdown, going to sleep! ZzzZzz

