---------------------------------------------
[09.09. - 04:51:23] Starting Log: logs/eqc_debug_zone_11324.log

[09.09. - 04:51:23] [  DB  ] Using database 'eqclassic' at '127.0.0.1'
[09.09. - 04:51:23] [SharedMem] Loading Shared Memory Core...
[09.09. - 04:51:23] [Common] Done.

[09.09. - 04:51:23] [Spell] Loading SP DAT...

[09.09. - 04:51:23] [Spell] Spells loaded from 'spdat.eff'

[09.09. - 04:51:23] [ Zone ] Loading guild and guild ranks...

[09.09. - 04:51:23] [ Zone ] Loading faction data...

[09.09. - 04:51:23] [ Zone ] Loading faction lists...

[09.09. - 04:51:23] [ Zone ] Loading Corpse decay Timers...

[09.09. - 04:51:24] [World ] Connected to worldserver: 68.231.69.235:9000

[09.09. - 04:51:24] [ Zone ] Entering sleep mode.

[09.09. - 04:54:24] [ Zone ] Shutdown Delay set to 300 seconds

[09.09. - 04:54:24] [ Zone ] Loading roam boxes...

[09.09. - 04:54:25] [  DB  ] LOADING ZONE LINES FROM freportw
[09.09. - 04:54:25] [  DB  ] Zoning range set to 30
[09.09. - 04:54:25] [  DB  ] Adding zone line x:-716.000000 y:149.000000 z:-11.000000 to:freportw heading:0
[09.09. - 04:54:25] [  DB  ] Zoning range set to 30
[09.09. - 04:54:25] [  DB  ] Adding zone line x:-652.000000 y:96.000000 z:-39.000000 to:freportw heading:0
[09.09. - 04:54:25] [  DB  ] Zoning range set to 15
[09.09. - 04:54:25] [  DB  ] Adding zone line x:-98.720001 y:282.910004 z:-10.870000 to:freportn heading:0
[09.09. - 04:54:25] [  DB  ] Zoning range set to 15
[09.09. - 04:54:25] [  DB  ] Adding zone line x:-658.030029 y:324.630005 z:-24.870001 to:freportn heading:13
[09.09. - 04:54:25] [  DB  ] Zoning range set to 30
[09.09. - 04:54:25] [  DB  ] Adding zone line x:-927.039978 y:-86.099998 z:-24.870001 to:freporte heading:129
[09.09. - 04:54:25] [  DB  ] Zoning range set to 30
[09.09. - 04:54:25] [  DB  ] Adding zone line x:-623.700012 y:-420.869995 z:-24.870001 to:freporte heading:66
[09.09. - 04:54:25] [  DB  ] Zoning range set to 580
[09.09. - 04:54:25] [  DB  ] Adding zone line x:750.000000 y:0.000000 z:-24.870001 to:ecommons heading:66
[09.09. - 04:54:25] [  DB  ] Zoning range set to 30
[09.09. - 04:54:25] [  DB  ] Adding zone line x:-272.000000 y:1585.000000 z:2.000000 to:freportn heading:0
[09.09. - 04:54:25] [  DB  ] Zoning range set to 30
[09.09. - 04:54:25] [  DB  ] Adding zone line x:-586.000000 y:719.000000 z:-20.000000 to:freportn heading:0
[09.09. - 04:54:25] [  DB  ] Zoning range set to 30
[09.09. - 04:54:25] [  DB  ] Adding zone line x:-1632.000000 y:-740.000000 z:-94.000000 to:freporte heading:0
[09.09. - 04:54:25] [ Zone ] Loading objects...

[09.09. - 04:54:25] [ Zone ] Zone server 'freportw' now listening on port 1001

[09.09. - 04:54:25] [ Zone ] Loading NPC's for 'freportw'...

[09.09. - 04:54:25] [Quests] NPC doesnt have a quest file.
