---------------------------------------------
[09.09. - 04:12:54] Starting Log: logs/eqc_debug_world_12704.log

[09.09. - 04:12:54] [World ] EQC Alpha Server - World Version : 6044224

[09.09. - 04:12:54] [SharedMem] Loading Shared Memory Core...
[09.09. - 04:12:54] [World ] Loading guild ranks...
[09.09. - 04:12:54] [  DB  ] Error #2006: MySQL server has gone away

[09.09. - 04:12:54] [Common] Done.

[09.09. - 04:12:54] [World ] Loading boats data...
[09.09. - 04:12:54] [  DB  ] Error #2006: MySQL server has gone away

[09.09. - 04:12:54] [  DB  ] Error #2006: MySQL server has gone away

[09.09. - 04:12:54] [  DB  ] Error #2006: MySQL server has gone away

[09.09. - 04:12:54] [Common] Done.

[09.09. - 04:12:54] [World ] Starting world network...
[09.09. - 04:12:54] [Common] Done.

[09.09. - 04:12:54] [World ] Truncating active_accounts table...
[09.09. - 04:12:54] [  DB  ] Error #2006: MySQL server has gone away

[09.09. - 04:12:54] [Common] Done.

[09.09. - 04:12:54] [World ] World server listening on Address : '127.0.0.1' and port : 9000

[09.09. - 04:12:54] [  DB  ] Error #2006: MySQL server has gone away

[09.09. - 04:12:54] [  DB  ] Error #2006: MySQL server has gone away

[09.09. - 04:12:54] [  DB  ] Error #2006: MySQL server has gone away

[09.09. - 04:12:54] [  DB  ] Error #2006: MySQL server has gone away

[09.09. - 04:12:54] [  DB  ] Error #2006: MySQL server has gone away

[09.09. - 04:12:55] [  DB  ] Error #2006: MySQL server has gone away

[09.09. - 04:12:55] [  DB  ] Error #2006: MySQL server has gone away

[09.09. - 04:12:55] [  DB  ] Error #2006: MySQL server has gone away

[09.09. - 04:12:55] [  DB  ] Error #2006: MySQL server has gone away

[09.09. - 04:13:04] [  DB  ] Error #2006: MySQL server has gone away

[09.09. - 04:13:05] [  DB  ] Error #2006: MySQL server has gone away

[09.09. - 04:13:05] [  DB  ] Error #2006: MySQL server has gone away

[09.09. - 04:13:05] [  DB  ] Error #2006: MySQL server has gone away

[09.09. - 04:13:05] [  DB  ] Error #2006: MySQL server has gone away

[09.09. - 04:13:09] [  DB  ] Error #2006: MySQL server has gone away

[09.09. - 04:13:14] [  DB  ] Error #2006: MySQL server has gone away

[09.09. - 04:13:15] [  DB  ] Error #2006: MySQL server has gone away

[09.09. - 04:13:15] [  DB  ] Error #2006: MySQL server has gone away

[09.09. - 04:13:15] [  DB  ] Error #2006: MySQL server has gone away

[09.09. - 04:13:15] [  DB  ] Error #2006: MySQL server has gone away

[09.09. - 04:13:24] [  DB  ] Error #2006: MySQL server has gone away

[09.09. - 04:13:24] [  DB  ] Error #2006: MySQL server has gone away

[09.09. - 04:13:25] [  DB  ] Error #2006: MySQL server has gone away

[09.09. - 04:13:25] [  DB  ] Error #2006: MySQL server has gone away

[09.09. - 04:13:25] [  DB  ] Error #2006: MySQL server has gone away

